d:\helmaroc\documents\game projects\5th semester\computer graphics\examples\multi texture and soil\firstexample\debug\vc140.pdb
d:\helmaroc\documents\game projects\5th semester\computer graphics\examples\multi texture and soil\firstexample\debug\vc140.idb
d:\helmaroc\documents\game projects\5th semester\computer graphics\examples\multi texture and soil\firstexample\debug\image_dxt.obj
d:\helmaroc\documents\game projects\5th semester\computer graphics\examples\multi texture and soil\firstexample\debug\image_helper.obj
d:\helmaroc\documents\game projects\5th semester\computer graphics\examples\multi texture and soil\firstexample\debug\soil.obj
d:\helmaroc\documents\game projects\5th semester\computer graphics\examples\multi texture and soil\firstexample\debug\stb_image_aug.obj
d:\helmaroc\documents\game projects\5th semester\computer graphics\examples\multi texture and soil\firstexample\debug\loadshaders.obj
d:\helmaroc\documents\game projects\5th semester\computer graphics\examples\multi texture and soil\firstexample\debug\triangles.obj
d:\helmaroc\documents\game projects\5th semester\computer graphics\labs\lab 5\firstexample\debug\vc140.pdb
d:\helmaroc\documents\game projects\5th semester\computer graphics\labs\lab 5\firstexample\debug\vc140.idb
d:\helmaroc\documents\game projects\5th semester\computer graphics\labs\lab 5\firstexample\debug\image_dxt.obj
d:\helmaroc\documents\game projects\5th semester\computer graphics\labs\lab 5\firstexample\debug\image_helper.obj
d:\helmaroc\documents\game projects\5th semester\computer graphics\labs\lab 5\firstexample\debug\soil.obj
d:\helmaroc\documents\game projects\5th semester\computer graphics\labs\lab 5\firstexample\debug\stb_image_aug.obj
d:\helmaroc\documents\game projects\5th semester\computer graphics\labs\lab 5\firstexample\debug\loadshaders.obj
d:\helmaroc\documents\game projects\5th semester\computer graphics\labs\lab 5\firstexample\debug\triangles.obj
d:\helmaroc\documents\game projects\5th semester\computer graphics\examples\multi texture and soil\debug\firstexample.ilk
d:\helmaroc\documents\game projects\5th semester\computer graphics\examples\multi texture and soil\debug\firstexample.exe
d:\helmaroc\documents\game projects\5th semester\computer graphics\examples\multi texture and soil\debug\firstexample.pdb
d:\helmaroc\documents\game projects\5th semester\computer graphics\labs\lab 5\firstexample\debug\firstexample.ilk
d:\helmaroc\documents\game projects\5th semester\computer graphics\labs\lab 5\firstexample\debug\vc120.idb
d:\helmaroc\documents\game projects\5th semester\computer graphics\labs\lab 5\firstexample\debug\firstexample.pdb
d:\helmaroc\documents\game projects\5th semester\computer graphics\labs\lab 5\firstexample\debug\vc120.pdb
d:\helmaroc\documents\game projects\5th semester\computer graphics\labs\lab 5\debug\firstexample.pdb
d:\helmaroc\documents\game projects\5th semester\computer graphics\labs\lab 5\firstexample\debug\firstexample.tlog\cl.command.1.tlog
d:\helmaroc\documents\game projects\5th semester\computer graphics\labs\lab 5\firstexample\debug\firstexample.tlog\cl.read.1.tlog
d:\helmaroc\documents\game projects\5th semester\computer graphics\labs\lab 5\firstexample\debug\firstexample.tlog\cl.write.1.tlog
d:\helmaroc\documents\game projects\5th semester\computer graphics\labs\lab 5\firstexample\debug\firstexample.tlog\link.command.1.tlog
d:\helmaroc\documents\game projects\5th semester\computer graphics\labs\lab 5\firstexample\debug\firstexample.tlog\link.read.1.tlog
d:\helmaroc\documents\game projects\5th semester\computer graphics\labs\lab 5\firstexample\debug\firstexample.tlog\link.write.1.tlog
